<?xml version="1.0" encoding="UTF-8"?>
<!-- Generated by org.testng.reporters.JUnitReportReporter -->
<testsuite skipped="0" hostname="classroom" name="TestNGEx.EX1" tests="2" failures="0" timestamp="19 Aug 2017 05:47:13 GMT" time="0.010" errors="0">
  <testcase name="method2" time="0.009" classname="TestNGEx.EX1"/>
  <testcase name="method1" time="0.001" classname="TestNGEx.EX1"/>
</testsuite> <!-- TestNGEx.EX1 -->
